<?xml version="1.0" encoding="UTF-8"?>
<!-- Generated by org.testng.reporters.JUnitXMLReporter -->
<testsuite ignored="3" hostname="DESKTOP-B7QFQL7" failures="0" tests="3" name="Default test" time="2.581" errors="0" timestamp="2025-01-02T17:24:49 EET">
  <testcase classname="standard_user.MainTestCases" name="login" time="0.502"/>
  <testcase classname="standard_user.MainTestCases" name="AddRandomItem" time="0.129"/>
  <testcase classname="standard_user.MainTestCases" name="Checkoutprocess" time="0.74"/>
  <testcase classname="standard_user.MainTestCases" name="RemoveItemFromTheCart" time="0.0">
    <ignored/>
  </testcase> <!-- RemoveItemFromTheCart -->
  <testcase classname="standard_user.MainTestCases" name="AddItemThatStartsWithSauce" time="0.0">
    <ignored/>
  </testcase> <!-- AddItemThatStartsWithSauce -->
  <testcase classname="standard_user.MainTestCases" name="AddCertainNumberofItems" time="0.0">
    <ignored/>
  </testcase> <!-- AddCertainNumberofItems -->
</testsuite> <!-- Default test -->
