<?xml version="1.0" encoding="UTF-8"?>
<testng-results ignored="3" total="6" passed="3" failed="0" skipped="0">
  <reporter-output>
  </reporter-output>
  <suite started-at="2025-01-02T17:24:46 EET" name="Default suite" finished-at="2025-01-02T17:24:49 EET" duration-ms="2581">
    <groups>
    </groups>
    <test started-at="2025-01-02T17:24:46 EET" name="Default test" finished-at="2025-01-02T17:24:49 EET" duration-ms="2581">
      <class name="standard_user.MainTestCases">
        <test-method is-config="true" signature="MySetup()[pri:0, instance:standard_user.MainTestCases@604f2bd2]" started-at="2025-01-02T17:24:46 EET" name="MySetup" finished-at="2025-01-02T17:24:48 EET" duration-ms="1142" status="PASS">
          <reporter-output>
          </reporter-output>
        </test-method> <!-- MySetup -->
        <test-method signature="login()[pri:1, instance:standard_user.MainTestCases@604f2bd2]" started-at="2025-01-02T17:24:48 EET" name="login" finished-at="2025-01-02T17:24:48 EET" duration-ms="502" status="PASS">
          <reporter-output>
          </reporter-output>
        </test-method> <!-- login -->
        <test-method signature="AddRandomItem()[pri:3, instance:standard_user.MainTestCases@604f2bd2]" started-at="2025-01-02T17:24:48 EET" name="AddRandomItem" finished-at="2025-01-02T17:24:48 EET" duration-ms="129" status="PASS">
          <reporter-output>
          </reporter-output>
        </test-method> <!-- AddRandomItem -->
        <test-method signature="Checkoutprocess()[pri:4, instance:standard_user.MainTestCases@604f2bd2]" started-at="2025-01-02T17:24:48 EET" name="Checkoutprocess" finished-at="2025-01-02T17:24:49 EET" duration-ms="740" status="PASS">
          <reporter-output>
          </reporter-output>
        </test-method> <!-- Checkoutprocess -->
        <test-method is-config="true" signature="PostTesting()[pri:0, instance:standard_user.MainTestCases@604f2bd2]" started-at="2025-01-02T17:24:49 EET" name="PostTesting" finished-at="2025-01-02T17:24:49 EET" duration-ms="1" status="PASS">
          <reporter-output>
          </reporter-output>
        </test-method> <!-- PostTesting -->
      </class> <!-- standard_user.MainTestCases -->
    </test> <!-- Default test -->
  </suite> <!-- Default suite -->
</testng-results>
